<?xml version="1.0" encoding="UTF-8"?>
<!-- Generated by org.testng.reporters.JUnitReportReporter -->
<testsuite skipped="0" hostname="DESKTOP-S8UUUM9" name="test.tracking_ChangeDeliveryTest" tests="5" failures="0" timestamp="2020-05-14T04:34:59 EDT" time="119.483" errors="0">
  <testcase name="allLinksTest" time="19.856" classname="test.tracking_ChangeDeliveryTest"/>
  <system-out/>
  <testcase name="assertEmailLinkPage" time="23.509" classname="test.tracking_ChangeDeliveryTest"/>
  <system-out/>
  <testcase name="assertCallUs" time="22.687" classname="test.tracking_ChangeDeliveryTest"/>
  <system-out/>
  <testcase name="assertSelectAllCnt" time="21.660" classname="test.tracking_ChangeDeliveryTest"/>
  <system-out/>
  <testcase name="assertClaimsDbord" time="31.771" classname="test.tracking_ChangeDeliveryTest"/>
  <system-out/>
</testsuite> <!-- test.tracking_ChangeDeliveryTest -->
