<?xml version="1.0" encoding="UTF-8"?>
<!-- Generated by org.testng.reporters.JUnitReportReporter -->
<testsuite skipped="0" hostname="DESKTOP-S8UUUM9" name="test.loginPageTest" tests="1" failures="0" timestamp="2020-12-31T17:04:30 EST" time="29.248" errors="0">
  <testcase name="loginTest" time="29.248" classname="test.loginPageTest"/>
  <system-out/>
</testsuite> <!-- test.loginPageTest -->
