<?xml version="1.0" encoding="UTF-8"?>
<!-- Generated by org.testng.reporters.JUnitReportReporter -->
<testsuite skipped="0" hostname="DESKTOP-S8UUUM9" name="test.tracking_TrackandHistoryTest" tests="2" failures="0" timestamp="2020-05-14T04:34:59 EDT" time="53.668" errors="0">
  <testcase name="getFreight01" time="23.609" classname="test.tracking_TrackandHistoryTest"/>
  <system-out/>
  <testcase name="getCountrys" time="30.059" classname="test.tracking_TrackandHistoryTest"/>
  <system-out/>
</testsuite> <!-- test.tracking_TrackandHistoryTest -->
